Created by PLY version 3.11 (http://www.dabeaz.com/ply)

Unused terminals:

    ABSTRACT
    ADDITION_ASSIGNMENT
    AND
    ARRAY
    AS
    BOOL
    BOOLEAN
    CALLABLE
    CASE
    CATCH
    CLASS
    CLONE
    COLON
    CONCAT
    CONST
    DECLARE
    DECREMENT
    DEFAULT
    DIE
    DIVISION_ASSIGNMENT
    DO
    ELSE
    ELSEIF
    EMPTY
    ENDFOR
    ENDFOREACH
    ENDIF
    ENDSWITCH
    ENDWHILE
    EQ
    EXIT
    EXTENDS
    FALSE
    FINAL
    FINALLY
    FOR
    FOREACH
    FUNCTION
    GE
    GLOBAL
    GOTO
    GT
    IDENTICAL
    IF
    IMPLEMENTS
    INCLUDE
    INCLUDE_ONCE
    INCREMENT
    INSTANCEOF
    INT
    INTERFACE
    ISSET
    LBRACE
    LCOR
    LE
    LIST
    LPAREN
    LT
    MOD_ASSIGNMENT
    MULTIPLE_COMMENT
    MULTIPLICATION_ASSIGNMENT
    NAMESPACE
    NEQ
    NEW
    NOT
    NOT_IDENTICAL
    NULL
    OBJECT
    OR
    PRINT
    PRIVATE
    PROTECTED
    PUBLIC
    PUNTOYCOMA
    QUESTION
    RBRACE
    RCOR
    REQUIRE
    REQUIRE_ONCE
    RETURN
    RPAREN
    SIMPLE_COMMENT
    STATIC
    SUBTRACTION_ASSIGNMENT
    SWITCH
    THROW
    TRAIT
    TRUE
    TRY
    TUPLE
    UNSET
    USE
    VAR
    VOID
    WHILE
    YIELD

Grammar

Rule 0     S' -> imprimir
Rule 1     imprimir -> impresion
Rule 2     impresion -> ECHO expresiones
Rule 3     impresion -> ECHO
Rule 4     expresiones -> expresion
Rule 5     expresiones -> expresion COMA expresiones
Rule 6     expresion -> STRING
Rule 7     expresion -> INTEGER
Rule 8     expresion -> FLOAT
Rule 9     expresion -> VARIABLE
Rule 10    asignacion -> DOLAR VARIABLE SIMPLE_ASSIGNMENT valor
Rule 11    asignacion -> DOLAR VARIABLE SIMPLE_ASSIGNMENT valor_bool
Rule 12    asignacion -> DOLAR VARIABLE SIMPLE_ASSIGNMENT operadorAritmetica
Rule 13    valor -> INTEGER
Rule 14    valor -> FLOAT
Rule 15    valor -> VARIABLE
Rule 16    valor -> VERDADERO
Rule 17    valor -> FALSO
Rule 18    operadorAritmetica -> valor operador valor
Rule 19    operador -> PLUS
Rule 20    operador -> MINUS
Rule 21    operador -> TIMES
Rule 22    operador -> DIVIDE
Rule 23    operador -> MOD

Terminals, with rules where they appear

ABSTRACT             : 
ADDITION_ASSIGNMENT  : 
AND                  : 
ARRAY                : 
AS                   : 
BOOL                 : 
BOOLEAN              : 
CALLABLE             : 
CASE                 : 
CATCH                : 
CLASS                : 
CLONE                : 
COLON                : 
COMA                 : 5
CONCAT               : 
CONST                : 
DECLARE              : 
DECREMENT            : 
DEFAULT              : 
DIE                  : 
DIVIDE               : 22
DIVISION_ASSIGNMENT  : 
DO                   : 
DOLAR                : 10 11 12
ECHO                 : 2 3
ELSE                 : 
ELSEIF               : 
EMPTY                : 
ENDFOR               : 
ENDFOREACH           : 
ENDIF                : 
ENDSWITCH            : 
ENDWHILE             : 
EQ                   : 
EXIT                 : 
EXTENDS              : 
FALSE                : 
FALSO                : 17
FINAL                : 
FINALLY              : 
FLOAT                : 8 14
FOR                  : 
FOREACH              : 
FUNCTION             : 
GE                   : 
GLOBAL               : 
GOTO                 : 
GT                   : 
IDENTICAL            : 
IF                   : 
IMPLEMENTS           : 
INCLUDE              : 
INCLUDE_ONCE         : 
INCREMENT            : 
INSTANCEOF           : 
INT                  : 
INTEGER              : 7 13
INTERFACE            : 
ISSET                : 
LBRACE               : 
LCOR                 : 
LE                   : 
LIST                 : 
LPAREN               : 
LT                   : 
MINUS                : 20
MOD                  : 23
MOD_ASSIGNMENT       : 
MULTIPLE_COMMENT     : 
MULTIPLICATION_ASSIGNMENT : 
NAMESPACE            : 
NEQ                  : 
NEW                  : 
NOT                  : 
NOT_IDENTICAL        : 
NULL                 : 
OBJECT               : 
OR                   : 
PLUS                 : 19
PRINT                : 
PRIVATE              : 
PROTECTED            : 
PUBLIC               : 
PUNTOYCOMA           : 
QUESTION             : 
RBRACE               : 
RCOR                 : 
REQUIRE              : 
REQUIRE_ONCE         : 
RETURN               : 
RPAREN               : 
SIMPLE_ASSIGNMENT    : 10 11 12
SIMPLE_COMMENT       : 
STATIC               : 
STRING               : 6
SUBTRACTION_ASSIGNMENT : 
SWITCH               : 
THROW                : 
TIMES                : 21
TRAIT                : 
TRUE                 : 
TRY                  : 
TUPLE                : 
UNSET                : 
USE                  : 
VAR                  : 
VARIABLE             : 9 10 11 12 15
VERDADERO            : 16
VOID                 : 
WHILE                : 
YIELD                : 
error                : 

Nonterminals, with rules where they appear

asignacion           : 
expresion            : 4 5
expresiones          : 2 5
impresion            : 1
imprimir             : 0
operador             : 18
operadorAritmetica   : 12
valor                : 10 18 18
valor_bool           : 11

